<?xml version="1.0" encoding="UTF-8"?>
<!-- Generated by org.testng.reporters.JUnitReportReporter -->
<testsuite skipped="0" hostname="3a318a42a18f" name="Sanity.LoginTest10" tests="1" failures="0" timestamp="05 Mar 2019 12:53:37 GMT" time="8.411" errors="0">
  <testcase name="log__in" time="8.411" classname="Sanity.LoginTest10"/>
</testsuite> <!-- Sanity.LoginTest10 -->
