<?xml version="1.0" encoding="UTF-8"?>
<!-- Generated by org.testng.reporters.JUnitReportReporter -->
<testsuite skipped="0" hostname="177365aa59e3" name="Sanity.LoginTest10" tests="1" failures="0" timestamp="05 Mar 2019 13:19:07 GMT" time="8.225" errors="0">
  <testcase name="log__in" time="8.225" classname="Sanity.LoginTest10"/>
</testsuite> <!-- Sanity.LoginTest10 -->
