<?xml version="1.0" encoding="UTF-8"?>
<!-- Generated by org.testng.reporters.JUnitReportReporter -->
<testsuite skipped="0" hostname="DESKTOP-KMFJ2QA" name="Artlist.paymentTest" tests="1" failures="0" timestamp="16 Dec 2018 12:27:19 GMT" time="31.736" errors="0">
  <testcase name="payment" time="31.736" classname="Artlist.paymentTest"/>
</testsuite> <!-- Artlist.paymentTest -->
