<?xml version="1.0" encoding="UTF-8"?>
<!-- Generated by org.testng.reporters.JUnitReportReporter -->
<testsuite skipped="0" hostname="DESKTOP-KMFJ2QA" name="Artlist.GoogleAuthFromSignInBtn" tests="1" failures="0" timestamp="10 Jan 2019 12:18:11 GMT" time="8.356" errors="0">
  <testcase name="GoogleLogin" time="8.356" classname="Artlist.GoogleAuthFromSignInBtn"/>
</testsuite> <!-- Artlist.GoogleAuthFromSignInBtn -->
