<?xml version="1.0" encoding="UTF-8"?>
<!-- Generated by org.testng.reporters.JUnitReportReporter -->
<testsuite skipped="0" hostname="DESKTOP-KMFJ2QA" name="Artlist.JoinTest" tests="1" failures="0" timestamp="10 Jan 2019 15:05:32 GMT" time="1.905" errors="0">
  <testcase name="joinUs" time="1.905" classname="Artlist.JoinTest"/>
</testsuite> <!-- Artlist.JoinTest -->
