<?xml version="1.0" encoding="UTF-8"?>
<!-- Generated by org.testng.reporters.JUnitReportReporter -->
<testsuite skipped="0" hostname="DESKTOP-KMFJ2QA" name="Sanity.searchEndsUpOnArtlistPageTest" tests="1" failures="0" timestamp="14 Jan 2019 11:59:28 GMT" time="12.259" errors="0">
  <testcase name="search" time="12.259" classname="Sanity.searchEndsUpOnArtlistPageTest"/>
</testsuite> <!-- Sanity.searchEndsUpOnArtlistPageTest -->
