<?xml version="1.0" encoding="UTF-8"?>
<!-- Generated by org.testng.reporters.JUnitReportReporter -->
<testsuite skipped="0" hostname="DESKTOP-KMFJ2QA" name="Sanity.LoginTest" tests="1" failures="0" timestamp="07 Jan 2019 11:45:20 GMT" time="2.081" errors="0">
  <testcase name="login" time="2.081" classname="Sanity.LoginTest"/>
</testsuite> <!-- Sanity.LoginTest -->
