<?xml version="1.0" encoding="UTF-8"?>
<!-- Generated by org.testng.reporters.JUnitReportReporter -->
<testsuite skipped="0" hostname="DESKTOP-KMFJ2QA" name="Artlist.HomepageTest" tests="1" failures="0" timestamp="03 Dec 2018 07:47:21 GMT" time="10.981" errors="0">
  <testcase name="Login" time="10.981" classname="Artlist.HomepageTest"/>
</testsuite> <!-- Artlist.HomepageTest -->
