<?xml version="1.0" encoding="UTF-8"?>
<!-- Generated by org.testng.reporters.JUnitReportReporter -->
<testsuite skipped="0" hostname="DESKTOP-KMFJ2QA" name="Artlist.SignInTest" tests="3" failures="0" timestamp="06 Dec 2018 07:58:45 GMT" time="52.697" errors="0">
  <testcase name="basePageNavigation" time="17.845" classname="Artlist.SignInTest"/>
  <testcase name="basePageNavigation" time="17.221" classname="Artlist.SignInTest"/>
  <testcase name="basePageNavigation" time="17.631" classname="Artlist.SignInTest"/>
</testsuite> <!-- Artlist.SignInTest -->
