<?xml version="1.0" encoding="UTF-8"?>
<!-- Generated by org.testng.reporters.JUnitReportReporter -->
<testsuite skipped="0" hostname="DESKTOP-KMFJ2QA" name="Sanity.StartNowModalTest" tests="1" failures="0" timestamp="02 Jan 2019 13:20:52 GMT" time="5.289" errors="0">
  <testcase name="login" time="5.289" classname="Sanity.StartNowModalTest"/>
</testsuite> <!-- Sanity.StartNowModalTest -->
