<?xml version="1.0" encoding="UTF-8"?>
<!-- Generated by org.testng.reporters.JUnitReportReporter -->
<testsuite skipped="0" hostname="DESKTOP-KMFJ2QA" name="Sanity.searchTest" tests="1" failures="0" timestamp="02 Jan 2019 13:20:02 GMT" time="4.444" errors="0">
  <testcase name="search" time="4.444" classname="Sanity.searchTest"/>
</testsuite> <!-- Sanity.searchTest -->
