<?xml version="1.0" encoding="UTF-8"?>
<!-- Generated by org.testng.reporters.JUnitReportReporter -->
<testsuite skipped="0" hostname="DESKTOP-KMFJ2QA" name="Artlist.paymentTest" tests="1" failures="0" timestamp="06 Dec 2018 07:40:42 GMT" time="28.044" errors="0">
  <testcase name="payment" time="28.044" classname="Artlist.paymentTest"/>
</testsuite> <!-- Artlist.paymentTest -->
