<?xml version="1.0" encoding="UTF-8"?>
<!-- Generated by org.testng.reporters.JUnitReportReporter -->
<testsuite skipped="0" hostname="DESKTOP-KMFJ2QA" name="Sanity.PaymentTest" tests="1" failures="0" timestamp="02 Jan 2019 13:32:55 GMT" time="19.679" errors="0">
  <testcase name="PaymentTestSuccess" time="19.679" classname="Sanity.PaymentTest"/>
</testsuite> <!-- Sanity.PaymentTest -->
