<?xml version="1.0" encoding="UTF-8"?>
<!-- Generated by org.testng.reporters.JUnitReportReporter -->
<testsuite skipped="0" hostname="DESKTOP-KMFJ2QA" name="development.searchEndsUpOnArtlistPageTest" tests="1" failures="0" timestamp="17 Jan 2019 08:26:32 GMT" time="4.106" errors="0">
  <testcase name="search" time="4.106" classname="development.searchEndsUpOnArtlistPageTest"/>
</testsuite> <!-- development.searchEndsUpOnArtlistPageTest -->
