<?xml version="1.0" encoding="UTF-8"?>
<!-- Generated by org.testng.reporters.JUnitReportReporter -->
<testsuite skipped="0" hostname="DESKTOP-KMFJ2QA" name="selenium.testcases.FacebookAuthFromStartNowBtnTest" tests="1" failures="0" timestamp="07 Jan 2019 11:44:17 GMT" time="27.430" errors="0">
  <testcase name="FacebookLogin" time="27.430" classname="selenium.testcases.FacebookAuthFromStartNowBtnTest"/>
</testsuite> <!-- selenium.testcases.FacebookAuthFromStartNowBtnTest -->
