<?xml version="1.0" encoding="UTF-8"?>
<!-- Generated by org.testng.reporters.JUnitReportReporter -->
<testsuite skipped="0" hostname="DESKTOP-KMFJ2QA" name="selenium.testcases.playSong" tests="1" failures="0" timestamp="01 Jan 2019 10:25:27 GMT" time="7.328" errors="0">
  <testcase name="PaymentTestSuccess" time="7.328" classname="selenium.testcases.playSong"/>
</testsuite> <!-- selenium.testcases.playSong -->
