<?xml version="1.0" encoding="UTF-8"?>
<!-- Generated by org.testng.reporters.JUnitReportReporter -->
<testsuite skipped="0" hostname="DESKTOP-KMFJ2QA" name="Sanity.GoogleAuthFromSignInBtn" tests="1" failures="0" timestamp="17 Jan 2019 05:50:54 GMT" time="8.242" errors="0">
  <testcase name="GoogleLogin" time="8.242" classname="Sanity.GoogleAuthFromSignInBtn"/>
</testsuite> <!-- Sanity.GoogleAuthFromSignInBtn -->
