<?xml version="1.0" encoding="UTF-8"?>
<!-- Generated by org.testng.reporters.JUnitReportReporter -->
<testsuite skipped="0" hostname="DESKTOP-KMFJ2QA" name="selenium.testcases.GoogleAuthFromStartNowBtnTest" tests="1" failures="0" timestamp="07 Jan 2019 11:43:30 GMT" time="6.964" errors="0">
  <testcase name="GoogleLogin" time="6.964" classname="selenium.testcases.GoogleAuthFromStartNowBtnTest"/>
</testsuite> <!-- selenium.testcases.GoogleAuthFromStartNowBtnTest -->
