<?xml version="1.0" encoding="UTF-8"?>
<!-- Generated by org.testng.reporters.JUnitReportReporter -->
<testsuite skipped="0" hostname="DESKTOP-KMFJ2QA" name="Sanity.searchEndsUpOnArtlistPageTest" tests="1" failures="0" timestamp="16 Jan 2019 16:00:31 GMT" time="2.583" errors="0">
  <testcase name="search" time="2.583" classname="Sanity.searchEndsUpOnArtlistPageTest"/>
</testsuite> <!-- Sanity.searchEndsUpOnArtlistPageTest -->
