<?xml version="1.0" encoding="UTF-8"?>
<!-- Generated by org.testng.reporters.JUnitReportReporter -->
<testsuite skipped="0" hostname="DESKTOP-KMFJ2QA" name="Artlist.paymentTest" tests="1" failures="0" timestamp="11 Dec 2018 08:17:55 GMT" time="49.137" errors="0">
  <testcase name="payment" time="49.137" classname="Artlist.paymentTest"/>
</testsuite> <!-- Artlist.paymentTest -->
