<?xml version="1.0" encoding="UTF-8"?>
<!-- Generated by org.testng.reporters.JUnitReportReporter -->
<testsuite skipped="0" hostname="DESKTOP-KMFJ2QA" name="Artlist.playTest1" tests="1" failures="0" timestamp="28 Nov 2018 09:00:34 GMT" time="45.707" errors="0">
  <testcase name="login" time="45.707" classname="Artlist.playTest1"/>
</testsuite> <!-- Artlist.playTest1 -->
