<?xml version="1.0" encoding="UTF-8"?>
<!-- Generated by org.testng.reporters.JUnitReportReporter -->
<testsuite skipped="0" hostname="DESKTOP-KMFJ2QA" name="development.GoogleAuthFromSignInBtn" tests="1" failures="0" timestamp="17 Jan 2019 07:55:49 GMT" time="7.407" errors="0">
  <testcase name="GoogleLogin" time="7.407" classname="development.GoogleAuthFromSignInBtn"/>
</testsuite> <!-- development.GoogleAuthFromSignInBtn -->
