<?xml version="1.0" encoding="UTF-8"?>
<!-- Generated by org.testng.reporters.JUnitReportReporter -->
<testsuite skipped="0" hostname="DESKTOP-KMFJ2QA" name="development.searchEndsUpOnArtlistPageTest" tests="1" failures="0" timestamp="13 Jan 2019 14:25:41 GMT" time="13.567" errors="0">
  <testcase name="search" time="13.567" classname="development.searchEndsUpOnArtlistPageTest"/>
</testsuite> <!-- development.searchEndsUpOnArtlistPageTest -->
