<?xml version="1.0" encoding="UTF-8"?>
<!-- Generated by org.testng.reporters.JUnitReportReporter -->
<testsuite skipped="0" hostname="DESKTOP-KMFJ2QA" name="Sanity.JoinTest" tests="1" failures="0" timestamp="16 Jan 2019 10:11:31 GMT" time="6.779" errors="0">
  <testcase name="joinUs" time="6.779" classname="Sanity.JoinTest"/>
</testsuite> <!-- Sanity.JoinTest -->
