<?xml version="1.0" encoding="UTF-8"?>
<!-- Generated by org.testng.reporters.JUnitReportReporter -->
<testsuite skipped="0" hostname="DESKTOP-KMFJ2QA" name="Sanity.LoginTest" tests="1" failures="0" timestamp="08 Jan 2019 16:12:23 GMT" time="2.060" errors="0">
  <testcase name="login" time="2.060" classname="Sanity.LoginTest"/>
</testsuite> <!-- Sanity.LoginTest -->
