<?xml version="1.0" encoding="UTF-8"?>
<!-- Generated by org.testng.reporters.JUnitReportReporter -->
<testsuite skipped="0" hostname="DESKTOP-KMFJ2QA" name="Sanity.FacebookAuthFromSignInBtnTest" tests="1" failures="0" timestamp="23 Jan 2019 07:48:57 GMT" time="6.686" errors="0">
  <testcase name="FacebookLogin" time="6.686" classname="Sanity.FacebookAuthFromSignInBtnTest"/>
</testsuite> <!-- Sanity.FacebookAuthFromSignInBtnTest -->
