<?xml version="1.0" encoding="UTF-8"?>
<!-- Generated by org.testng.reporters.JUnitReportReporter -->
<testsuite skipped="0" hostname="DESKTOP-KMFJ2QA" name="development.GoogleAuthFromSignInBtn" tests="1" failures="0" timestamp="23 Jan 2019 08:02:28 GMT" time="8.415" errors="0">
  <testcase name="GoogleLogin" time="8.415" classname="development.GoogleAuthFromSignInBtn"/>
</testsuite> <!-- development.GoogleAuthFromSignInBtn -->
