<?xml version="1.0" encoding="UTF-8"?>
<!-- Generated by org.testng.reporters.JUnitReportReporter -->
<testsuite skipped="0" hostname="DESKTOP-KMFJ2QA" name="Sanity.GoogleAuthFromSignInBtnTest" tests="1" failures="0" timestamp="05 Mar 2019 13:01:07 GMT" time="8.070" errors="0">
  <testcase name="GoogleLogin" time="8.070" classname="Sanity.GoogleAuthFromSignInBtnTest"/>
</testsuite> <!-- Sanity.GoogleAuthFromSignInBtnTest -->
