<?xml version="1.0" encoding="UTF-8"?>
<!-- Generated by org.testng.reporters.JUnitReportReporter -->
<testsuite skipped="0" hostname="DESKTOP-KMFJ2QA" name="Sanity.playSong" tests="1" failures="0" timestamp="23 Jan 2019 08:51:18 GMT" time="36.750" errors="0">
  <testcase name="playPauseSong" time="36.750" classname="Sanity.playSong"/>
</testsuite> <!-- Sanity.playSong -->
