<?xml version="1.0" encoding="UTF-8"?>
<!-- Generated by org.testng.reporters.JUnitReportReporter -->
<testsuite skipped="0" hostname="DESKTOP-KMFJ2QA" name="selenium.testcases.PaymentTest" tests="1" failures="0" timestamp="09 Jan 2019 07:28:58 GMT" time="22.586" errors="0">
  <testcase name="PaymentTestSuccess" time="22.586" classname="selenium.testcases.PaymentTest"/>
</testsuite> <!-- selenium.testcases.PaymentTest -->
