<?xml version="1.0" encoding="UTF-8"?>
<!-- Generated by org.testng.reporters.JUnitReportReporter -->
<testsuite skipped="0" hostname="DESKTOP-KMFJ2QA" name="Sanity.FacebookAuthFromSignInBtnTest" tests="1" failures="0" timestamp="03 Jan 2019 07:31:09 GMT" time="5.016" errors="0">
  <testcase name="FacebookLogin" time="5.016" classname="Sanity.FacebookAuthFromSignInBtnTest"/>
</testsuite> <!-- Sanity.FacebookAuthFromSignInBtnTest -->
