<?xml version="1.0" encoding="UTF-8"?>
<!-- Generated by org.testng.reporters.JUnitReportReporter -->
<testsuite skipped="0" hostname="DESKTOP-KMFJ2QA" name="Artlist.SignInTest" tests="3" failures="0" timestamp="13 Dec 2018 07:31:46 GMT" time="13.770" errors="0">
  <testcase name="basePageNavigation" time="4.132" classname="Artlist.SignInTest"/>
  <testcase name="basePageNavigation" time="5.273" classname="Artlist.SignInTest"/>
  <testcase name="basePageNavigation" time="4.365" classname="Artlist.SignInTest"/>
</testsuite> <!-- Artlist.SignInTest -->
