<?xml version="1.0" encoding="UTF-8"?>
<!-- Generated by org.testng.reporters.JUnitReportReporter -->
<testsuite skipped="0" hostname="DESKTOP-KMFJ2QA" name="Sanity.FacebookAuthFromSignInBtnTest" tests="1" failures="0" timestamp="05 Mar 2019 13:01:07 GMT" time="6.377" errors="0">
  <testcase name="FacebookLogin" time="6.377" classname="Sanity.FacebookAuthFromSignInBtnTest"/>
</testsuite> <!-- Sanity.FacebookAuthFromSignInBtnTest -->
