<?xml version="1.0" encoding="UTF-8"?>
<!-- Generated by org.testng.reporters.JUnitReportReporter -->
<testsuite skipped="0" hostname="DESKTOP-KMFJ2QA" name="selenium.testcases.FacebookAuthFromStartNowBtnTest" tests="1" failures="0" timestamp="01 Jan 2019 14:43:59 GMT" time="26.907" errors="0">
  <testcase name="FacebookLogin" time="26.907" classname="selenium.testcases.FacebookAuthFromStartNowBtnTest"/>
</testsuite> <!-- selenium.testcases.FacebookAuthFromStartNowBtnTest -->
