<?xml version="1.0" encoding="UTF-8"?>
<!-- Generated by org.testng.reporters.JUnitReportReporter -->
<testsuite skipped="0" hostname="DESKTOP-KMFJ2QA" name="Artlist.joinTest" tests="3" failures="0" timestamp="06 Dec 2018 08:51:12 GMT" time="36.104" errors="0">
  <testcase name="loginTest" time="12.182" classname="Artlist.joinTest"/>
  <testcase name="loginTest" time="11.945" classname="Artlist.joinTest"/>
  <testcase name="loginTest" time="11.977" classname="Artlist.joinTest"/>
</testsuite> <!-- Artlist.joinTest -->
