<?xml version="1.0" encoding="UTF-8"?>
<!-- Generated by org.testng.reporters.JUnitReportReporter -->
<testsuite skipped="0" hostname="DESKTOP-KMFJ2QA" name="selenium.testcases.FacebookAuthTest" tests="1" failures="0" timestamp="01 Jan 2019 12:40:13 GMT" time="27.235" errors="0">
  <testcase name="FacebookLogin" time="27.235" classname="selenium.testcases.FacebookAuthTest"/>
</testsuite> <!-- selenium.testcases.FacebookAuthTest -->
