<?xml version="1.0" encoding="UTF-8"?>
<!-- Generated by org.testng.reporters.JUnitReportReporter -->
<testsuite skipped="0" hostname="DESKTOP-KMFJ2QA" name="wip.GoogleAuthFromStartNowBtnTest" tests="1" failures="0" timestamp="03 Jan 2019 08:04:39 GMT" time="7.727" errors="0">
  <testcase name="GoogleLogin" time="7.727" classname="wip.GoogleAuthFromStartNowBtnTest"/>
</testsuite> <!-- wip.GoogleAuthFromStartNowBtnTest -->
