<?xml version="1.0" encoding="UTF-8"?>
<!-- Generated by org.testng.reporters.JUnitReportReporter -->
<testsuite skipped="0" hostname="DESKTOP-KMFJ2QA" name="Sanity.JoinTest" tests="1" failures="0" timestamp="05 Mar 2019 13:01:07 GMT" time="6.938" errors="0">
  <testcase name="joinUs" time="6.938" classname="Sanity.JoinTest"/>
</testsuite> <!-- Sanity.JoinTest -->
