<?xml version="1.0" encoding="UTF-8"?>
<!-- Generated by org.testng.reporters.JUnitReportReporter -->
<testsuite skipped="0" hostname="DESKTOP-KMFJ2QA" name="wip.playSong" tests="1" failures="0" timestamp="20 Jan 2019 15:26:55 GMT" time="34.705" errors="0">
  <testcase name="playPauseSong" time="34.705" classname="wip.playSong"/>
</testsuite> <!-- wip.playSong -->
