<?xml version="1.0" encoding="UTF-8"?>
<!-- Generated by org.testng.reporters.JUnitReportReporter -->
<testsuite skipped="0" hostname="DESKTOP-KMFJ2QA" name="selenium.testcases.GoogleAuthTest" tests="1" failures="0" timestamp="01 Jan 2019 08:26:24 GMT" time="7.583" errors="0">
  <testcase name="GoogleLogin" time="7.583" classname="selenium.testcases.GoogleAuthTest"/>
</testsuite> <!-- selenium.testcases.GoogleAuthTest -->
