<?xml version="1.0" encoding="UTF-8"?>
<!-- Generated by org.testng.reporters.JUnitReportReporter -->
<testsuite skipped="0" hostname="DESKTOP-KMFJ2QA" name="Sanity.searchTest" tests="1" failures="0" timestamp="16 Jan 2019 15:45:18 GMT" time="2.509" errors="0">
  <testcase name="search" time="2.509" classname="Sanity.searchTest"/>
</testsuite> <!-- Sanity.searchTest -->
