<?xml version="1.0" encoding="UTF-8"?>
<!-- Generated by org.testng.reporters.JUnitReportReporter -->
<testsuite skipped="0" hostname="DESKTOP-KMFJ2QA" name="Artlist.searchTest" tests="1" failures="0" timestamp="10 Jan 2019 15:00:21 GMT" time="2.544" errors="0">
  <testcase name="search" time="2.544" classname="Artlist.searchTest"/>
</testsuite> <!-- Artlist.searchTest -->
