<?xml version="1.0" encoding="UTF-8"?>
<!-- Generated by org.testng.reporters.JUnitReportReporter -->
<testsuite skipped="0" hostname="DESKTOP-KMFJ2QA" name="Sanity.LoginTest" tests="1" failures="0" timestamp="26 Dec 2018 10:34:46 GMT" time="5.439" errors="0">
  <testcase name="login" time="5.439" classname="Sanity.LoginTest"/>
</testsuite> <!-- Sanity.LoginTest -->
