<?xml version="1.0" encoding="UTF-8"?>
<!-- Generated by org.testng.reporters.JUnitReportReporter -->
<testsuite skipped="0" hostname="DESKTOP-KMFJ2QA" name="Artlist.playTest" tests="1" failures="0" timestamp="26 Nov 2018 14:22:05 GMT" time="11.096" errors="0">
  <testcase name="login" time="11.096" classname="Artlist.playTest"/>
</testsuite> <!-- Artlist.playTest -->
