<?xml version="1.0" encoding="UTF-8"?>
<!-- Generated by org.testng.reporters.JUnitReportReporter -->
<testsuite skipped="0" hostname="DESKTOP-KMFJ2QA" name="selenium.testcases.GoogleAuthFromStartNowBtnTest" tests="1" failures="0" timestamp="01 Jan 2019 14:41:38 GMT" time="7.134" errors="0">
  <testcase name="GoogleLogin" time="7.134" classname="selenium.testcases.GoogleAuthFromStartNowBtnTest"/>
</testsuite> <!-- selenium.testcases.GoogleAuthFromStartNowBtnTest -->
