<?xml version="1.0" encoding="UTF-8"?>
<!-- Generated by org.testng.reporters.JUnitReportReporter -->
<testsuite skipped="0" hostname="DESKTOP-KMFJ2QA" name="wip.GoogleAuthFromStartNowBtnTest" tests="1" failures="0" timestamp="11 Jan 2019 13:20:40 GMT" time="8.424" errors="0">
  <testcase name="GoogleLogin" time="8.424" classname="wip.GoogleAuthFromStartNowBtnTest"/>
</testsuite> <!-- wip.GoogleAuthFromStartNowBtnTest -->
