<?xml version="1.0" encoding="UTF-8"?>
<!-- Generated by org.testng.reporters.JUnitReportReporter -->
<testsuite skipped="0" hostname="DESKTOP-KMFJ2QA" name="Sanity.JoinTest" tests="1" failures="0" timestamp="26 Dec 2018 10:34:20 GMT" time="2.294" errors="0">
  <testcase name="joinUs" time="2.294" classname="Sanity.JoinTest"/>
</testsuite> <!-- Sanity.JoinTest -->
