<?xml version="1.0" encoding="UTF-8"?>
<!-- Generated by org.testng.reporters.JUnitReportReporter -->
<testsuite skipped="0" hostname="DESKTOP-KMFJ2QA" name="development.FacebookAuthFromSignInBtnTest" tests="1" failures="0" timestamp="23 Jan 2019 07:59:33 GMT" time="5.801" errors="0">
  <testcase name="FacebookLogin" time="5.801" classname="development.FacebookAuthFromSignInBtnTest"/>
</testsuite> <!-- development.FacebookAuthFromSignInBtnTest -->
