<?xml version="1.0" encoding="UTF-8"?>
<!-- Generated by org.testng.reporters.JUnitReportReporter -->
<testsuite skipped="0" hostname="DESKTOP-KMFJ2QA" name="Sanity.PaymentTest" tests="1" failures="0" timestamp="08 Jan 2019 16:12:23 GMT" time="22.666" errors="0">
  <testcase name="PaymentTestSuccess" time="22.666" classname="Sanity.PaymentTest"/>
</testsuite> <!-- Sanity.PaymentTest -->
