<?xml version="1.0" encoding="UTF-8"?>
<!-- Generated by org.testng.reporters.JUnitReportReporter -->
<testsuite skipped="0" hostname="DESKTOP-KMFJ2QA" name="wip.GoogleAuthFromSignInBtn" tests="1" failures="0" timestamp="07 Jan 2019 11:42:47 GMT" time="7.827" errors="0">
  <testcase name="GoogleLogin" time="7.827" classname="wip.GoogleAuthFromSignInBtn"/>
</testsuite> <!-- wip.GoogleAuthFromSignInBtn -->
