<?xml version="1.0" encoding="UTF-8"?>
<!-- Generated by org.testng.reporters.JUnitReportReporter -->
<testsuite skipped="0" hostname="DESKTOP-KMFJ2QA" name="Sanity.JoinTest" tests="1" failures="0" timestamp="04 Mar 2019 14:32:27 GMT" time="7.026" errors="0">
  <testcase name="joinUs" time="7.026" classname="Sanity.JoinTest"/>
</testsuite> <!-- Sanity.JoinTest -->
