<?xml version="1.0" encoding="UTF-8"?>
<!-- Generated by org.testng.reporters.JUnitReportReporter -->
<testsuite skipped="0" hostname="DESKTOP-KMFJ2QA" name="Sanity.PaymentTest" tests="1" failures="0" timestamp="16 Jan 2019 10:11:30 GMT" time="22.530" errors="0">
  <testcase name="PaymentTestSuccess" time="22.530" classname="Sanity.PaymentTest"/>
</testsuite> <!-- Sanity.PaymentTest -->
