<?xml version="1.0" encoding="UTF-8"?>
<!-- Generated by org.testng.reporters.JUnitReportReporter -->
<testsuite skipped="0" hostname="DESKTOP-KMFJ2QA" name="selenium.testcases.PaymentTest" tests="1" failures="0" timestamp="02 Jan 2019 11:58:48 GMT" time="19.584" errors="0">
  <testcase name="PaymentTestSuccess" time="19.584" classname="selenium.testcases.PaymentTest"/>
</testsuite> <!-- selenium.testcases.PaymentTest -->
