<?xml version="1.0" encoding="UTF-8"?>
<!-- Generated by org.testng.reporters.JUnitReportReporter -->
<testsuite skipped="0" hostname="DESKTOP-KMFJ2QA" name="wip.FacebookAuthFromSignInBtnTest" tests="1" failures="0" timestamp="07 Jan 2019 11:39:20 GMT" time="6.964" errors="0">
  <testcase name="FacebookLogin" time="6.964" classname="wip.FacebookAuthFromSignInBtnTest"/>
</testsuite> <!-- wip.FacebookAuthFromSignInBtnTest -->
