<?xml version="1.0" encoding="UTF-8"?>
<!-- Generated by org.testng.reporters.JUnitReportReporter -->
<testsuite skipped="0" hostname="DESKTOP-KMFJ2QA" name="development.GoogleAuthFromSignInBtn" tests="1" failures="0" timestamp="14 Jan 2019 07:50:36 GMT" time="7.868" errors="0">
  <testcase name="GoogleLogin" time="7.868" classname="development.GoogleAuthFromSignInBtn"/>
</testsuite> <!-- development.GoogleAuthFromSignInBtn -->
