<?xml version="1.0" encoding="UTF-8"?>
<!-- Generated by org.testng.reporters.JUnitReportReporter -->
<testsuite skipped="0" hostname="DESKTOP-KMFJ2QA" name="Sanity.JoinTest" tests="1" failures="0" timestamp="02 Jan 2019 12:27:53 GMT" time="4.873" errors="0">
  <testcase name="joinUs" time="4.873" classname="Sanity.JoinTest"/>
</testsuite> <!-- Sanity.JoinTest -->
