<?xml version="1.0" encoding="UTF-8"?>
<!-- Generated by org.testng.reporters.JUnitReportReporter -->
<testsuite skipped="0" hostname="DESKTOP-KMFJ2QA" name="Artlist.playSongTest" tests="1" failures="0" timestamp="06 Dec 2018 07:29:59 GMT" time="43.815" errors="0">
  <testcase name="login" time="43.815" classname="Artlist.playSongTest"/>
</testsuite> <!-- Artlist.playSongTest -->
