<?xml version="1.0" encoding="UTF-8"?>
<!-- Generated by org.testng.reporters.JUnitReportReporter -->
<testsuite skipped="0" hostname="DESKTOP-KMFJ2QA" name="Artlist.paymentTest" tests="1" failures="0" timestamp="06 Dec 2018 09:54:21 GMT" time="27.606" errors="0">
  <testcase name="payment" time="27.606" classname="Artlist.paymentTest"/>
</testsuite> <!-- Artlist.paymentTest -->
