<?xml version="1.0" encoding="UTF-8"?>
<!-- Generated by org.testng.reporters.JUnitReportReporter -->
<testsuite skipped="0" hostname="DESKTOP-KMFJ2QA" name="Artlist.SignInTest" tests="3" failures="0" timestamp="06 Dec 2018 07:29:59 GMT" time="39.090" errors="0">
  <testcase name="basePageNavigation" time="13.115" classname="Artlist.SignInTest"/>
  <testcase name="basePageNavigation" time="12.720" classname="Artlist.SignInTest"/>
  <testcase name="basePageNavigation" time="13.255" classname="Artlist.SignInTest"/>
</testsuite> <!-- Artlist.SignInTest -->
