<?xml version="1.0" encoding="UTF-8"?>
<!-- Generated by org.testng.reporters.JUnitReportReporter -->
<testsuite skipped="0" hostname="DESKTOP-KMFJ2QA" name="Artlist.joinTest" tests="1" failures="0" timestamp="06 Dec 2018 07:29:59 GMT" time="15.411" errors="0">
  <testcase name="loginTest" time="15.411" classname="Artlist.joinTest"/>
</testsuite> <!-- Artlist.joinTest -->
